#
# There is insufficient memory for the Java Runtime Environment to continue.
# Native memory allocation (mmap) failed to map 132120576 bytes for G1 virtual space
# Possible reasons:
#   The system is out of physical RAM or swap space
#   The process is running with CompressedOops enabled, and the Java Heap may be blocking the growth of the native heap
# Possible solutions:
#   Reduce memory load on the system
#   Increase physical memory or swap space
#   Check if swap backing store is full
#   Decrease Java heap size (-Xmx/-Xms)
#   Decrease number of Java threads
#   Decrease Java thread stack sizes (-Xss)
#   Set larger code cache with -XX:ReservedCodeCacheSize=
#   JVM is running with Unscaled Compressed Oops mode in which the Java heap is
#     placed in the first 4GB address space. The Java Heap base address is the
#     maximum limit for the native heap growth. Please use -XX:HeapBaseMinAddress
#     to set the Java Heap base and to place the Java Heap above 4GB virtual address.
# This output file may be truncated or incomplete.
#
#  Out of Memory Error (os_windows.cpp:3532), pid=53156, tid=38344
#
# JRE version:  (17.0.2+8) (build )
# Java VM: OpenJDK 64-Bit Server VM (17.0.2+8, mixed mode, sharing, tiered, compressed oops, compressed class ptrs, g1 gc, windows-amd64)
# No core dump will be written. Minidumps are not enabled by default on client versions of Windows
#

---------------  S U M M A R Y ------------

Command Line: -ea -Dfile.encoding=Cp1252 -XX:+ShowCodeDetailsInExceptionMessages org.testng.remote.RemoteTestNG -serport 56803 -protocol json -d C:\Users\FouzanJ\eclipse-workspace\CucumberNew\CucumberTest\test-output C:\Users\FouzanJ\AppData\Local\Temp\testng-eclipse--2076470679\testng-customsuite.xml

Host: Intel(R) Core(TM) i5-8250U CPU @ 1.60GHz, 8 cores, 7G,  Windows 10 , 64 bit Build 19041 (10.0.19041.1466)
Time: Mon Jun 20 14:07:12 2022 India Standard Time elapsed time: 0.029061 seconds (0d 0h 0m 0s)

---------------  T H R E A D  ---------------

Current thread (0x000001e5e6b26ba0):  JavaThread "Unknown thread" [_thread_in_vm, id=38344, stack(0x00000003ab000000,0x00000003ab100000)]

Stack: [0x00000003ab000000,0x00000003ab100000]
Native frames: (J=compiled Java code, j=interpreted, Vv=VM code, C=native code)
V  [jvm.dll+0x67564a]
V  [jvm.dll+0x82fc04]
V  [jvm.dll+0x8313ae]
V  [jvm.dll+0x831a13]
V  [jvm.dll+0x245235]
V  [jvm.dll+0x672539]
V  [jvm.dll+0x666e82]
V  [jvm.dll+0x30401b]
V  [jvm.dll+0x30b566]
V  [jvm.dll+0x35b1fe]
V  [jvm.dll+0x35b42f]
V  [jvm.dll+0x2daf58]
V  [jvm.dll+0x2dbec4]
V  [jvm.dll+0x801881]
V  [jvm.dll+0x368f81]
V  [jvm.dll+0x7e0cdc]
V  [jvm.dll+0x3eb8bf]
V  [jvm.dll+0x3ed441]
C  [jli.dll+0x5277]
C  [ucrtbase.dll+0x21bb2]
C  [KERNEL32.DLL+0x17034]
C  [ntdll.dll+0x52651]


---------------  P R O C E S S  ---------------

Threads class SMR info:
_java_thread_list=0x00007ffb48fb5e98, length=0, elements={
}

Java Threads: ( => current thread )

Other Threads:
  0x000001e5e6b64fd0 GCTaskThread "GC Thread#0" [stack: 0x00000003ab100000,0x00000003ab200000] [id=39888]
  0x000001e5e6b759e0 ConcurrentGCThread "G1 Main Marker" [stack: 0x00000003ab200000,0x00000003ab300000] [id=52492]
  0x000001e5e6b77b20 ConcurrentGCThread "G1 Conc#0" [stack: 0x00000003ab300000,0x00000003ab400000] [id=32980]

[error occurred during error reporting (printing all threads), id 0xc0000005, EXCEPTION_ACCESS_VIOLATION (0xc0000005) at pc=0x00007ffb4878b9d7]

VM state: not at safepoint (not fully initialized)

VM Mutex/Monitor currently owned by a thread:  ([mutex/lock_event])
[0x000001e5e6b1f9d0] Heap_lock - owner thread: 0x000001e5e6b26ba0

Heap address: 0x0000000082200000, size: 2014 MB, Compressed Oops mode: 32-bit

CDS archive(s) mapped at: [0x0000000000000000-0x0000000000000000-0x0000000000000000), size 0, SharedBaseAddress: 0x0000000800000000, ArchiveRelocationMode: 0.
Narrow klass base: 0x0000000000000000, Narrow klass shift: 0, Narrow klass range: 0x0

GC Precious Log:
<Empty>

Heap:
 garbage-first heap   total 0K, used 0K [0x0000000082200000, 0x0000000100000000)
  region size 1024K, 0 young (0K), 0 survivors (0K)

[error occurred during error reporting (printing heap information), id 0xc0000005, EXCEPTION_ACCESS_VIOLATION (0xc0000005) at pc=0x00007ffb48b6e899]

GC Heap History (0 events):
No events

Deoptimization events (0 events):
No events

Classes unloaded (0 events):
No events

Classes redefined (0 events):
No events

Internal exceptions (0 events):
No events

VM Operations (0 events):
No events

Events (1 events):
Event: 0.016 Loaded shared library C:\Users\FouzanJ\.p2\pool\plugins\org.eclipse.justj.openjdk.hotspot.jre.full.win32.x86_64_17.0.2.v20220201-1208\jre\bin\java.dll


Dynamic libraries:
0x00007ff7407f0000 - 0x00007ff7407fe000 	C:\Users\FouzanJ\.p2\pool\plugins\org.eclipse.justj.openjdk.hotspot.jre.full.win32.x86_64_17.0.2.v20220201-1208\jre\bin\javaw.exe
0x00007ffb9b630000 - 0x00007ffb9b825000 	C:\Windows\SYSTEM32\ntdll.dll
0x00007ffb99ad0000 - 0x00007ffb99b8e000 	C:\Windows\System32\KERNEL32.DLL
0x00007ffb99130000 - 0x00007ffb993f8000 	C:\Windows\System32\KERNELBASE.dll
0x00007ffb99400000 - 0x00007ffb99500000 	C:\Windows\System32\ucrtbase.dll
0x00007ffb8f0c0000 - 0x00007ffb8f0d8000 	C:\Users\FouzanJ\.p2\pool\plugins\org.eclipse.justj.openjdk.hotspot.jre.full.win32.x86_64_17.0.2.v20220201-1208\jre\bin\jli.dll
0x00007ffb8b6e0000 - 0x00007ffb8b6f9000 	C:\Users\FouzanJ\.p2\pool\plugins\org.eclipse.justj.openjdk.hotspot.jre.full.win32.x86_64_17.0.2.v20220201-1208\jre\bin\VCRUNTIME140.dll
0x00007ffb99920000 - 0x00007ffb99ac1000 	C:\Windows\System32\USER32.dll
0x00007ffb99500000 - 0x00007ffb99522000 	C:\Windows\System32\win32u.dll
0x00007ffb83d60000 - 0x00007ffb83ffa000 	C:\Windows\WinSxS\amd64_microsoft.windows.common-controls_6595b64144ccf1df_6.0.19041.1110_none_60b5254171f9507e\COMCTL32.dll
0x00007ffb9a2e0000 - 0x00007ffb9a37e000 	C:\Windows\System32\msvcrt.dll
0x00007ffb997c0000 - 0x00007ffb997eb000 	C:\Windows\System32\GDI32.dll
0x00007ffb98d40000 - 0x00007ffb98e4d000 	C:\Windows\System32\gdi32full.dll
0x00007ffb98e50000 - 0x00007ffb98eed000 	C:\Windows\System32\msvcp_win.dll
0x00007ffb9adc0000 - 0x00007ffb9adf0000 	C:\Windows\System32\IMM32.DLL
0x00007ffb71af0000 - 0x00007ffb71b94000 	C:\Program Files\McAfee\Endpoint Security\Threat Prevention\Ips\EpMPApi.dll
0x00007ffb9a420000 - 0x00007ffb9a545000 	C:\Windows\System32\RPCRT4.dll
0x00007ffb99710000 - 0x00007ffb997be000 	C:\Windows\System32\ADVAPI32.dll
0x00007ffb99670000 - 0x00007ffb9970c000 	C:\Windows\System32\sechost.dll
0x00007ffb990d0000 - 0x00007ffb99130000 	C:\Windows\System32\WINTRUST.dll
0x00007ffb98ef0000 - 0x00007ffb99046000 	C:\Windows\System32\CRYPT32.dll
0x00007ffb98850000 - 0x00007ffb98862000 	C:\Windows\SYSTEM32\MSASN1.dll
0x0000000076860000 - 0x000000007686c000 	C:\Program Files\McAfee\Endpoint Security\Threat Prevention\Ips\EpMPThe.dll
0x00007ffb93040000 - 0x00007ffb9304c000 	C:\Users\FouzanJ\.p2\pool\plugins\org.eclipse.justj.openjdk.hotspot.jre.full.win32.x86_64_17.0.2.v20220201-1208\jre\bin\vcruntime140_1.dll
0x00007ffb684d0000 - 0x00007ffb68561000 	C:\Users\FouzanJ\.p2\pool\plugins\org.eclipse.justj.openjdk.hotspot.jre.full.win32.x86_64_17.0.2.v20220201-1208\jre\bin\msvcp140.dll
0x00007ffb484a0000 - 0x00007ffb490e7000 	C:\Users\FouzanJ\.p2\pool\plugins\org.eclipse.justj.openjdk.hotspot.jre.full.win32.x86_64_17.0.2.v20220201-1208\jre\bin\server\jvm.dll
0x00007ffb9af70000 - 0x00007ffb9af78000 	C:\Windows\System32\PSAPI.DLL
0x00007ffb82b80000 - 0x00007ffb82ba7000 	C:\Windows\SYSTEM32\WINMM.dll
0x00007ffb81ac0000 - 0x00007ffb81ac9000 	C:\Windows\SYSTEM32\WSOCK32.dll
0x00007ffb8f880000 - 0x00007ffb8f88a000 	C:\Windows\SYSTEM32\VERSION.dll
0x00007ffb9a1b0000 - 0x00007ffb9a21b000 	C:\Windows\System32\WS2_32.dll
0x00007ffb97610000 - 0x00007ffb97622000 	C:\Windows\SYSTEM32\kernel.appcore.dll
0x00007ffb91450000 - 0x00007ffb9145a000 	C:\Users\FouzanJ\.p2\pool\plugins\org.eclipse.justj.openjdk.hotspot.jre.full.win32.x86_64_17.0.2.v20220201-1208\jre\bin\jimage.dll
0x00007ffb93ae0000 - 0x00007ffb93cc4000 	C:\Windows\SYSTEM32\DBGHELP.DLL
0x00007ffb7d110000 - 0x00007ffb7d13c000 	C:\Windows\SYSTEM32\dbgcore.DLL
0x00007ffb995e0000 - 0x00007ffb99662000 	C:\Windows\System32\bcryptPrimitives.dll
0x00007ffb81770000 - 0x00007ffb81795000 	C:\Users\FouzanJ\.p2\pool\plugins\org.eclipse.justj.openjdk.hotspot.jre.full.win32.x86_64_17.0.2.v20220201-1208\jre\bin\java.dll

dbghelp: loaded successfully - version: 4.0.5 - missing functions: none
symbol engine: initialized successfully - sym options: 0x614 - pdb path: .;C:\Users\FouzanJ\.p2\pool\plugins\org.eclipse.justj.openjdk.hotspot.jre.full.win32.x86_64_17.0.2.v20220201-1208\jre\bin;C:\Windows\SYSTEM32;C:\Windows\WinSxS\amd64_microsoft.windows.common-controls_6595b64144ccf1df_6.0.19041.1110_none_60b5254171f9507e;C:\Program Files\McAfee\Endpoint Security\Threat Prevention\Ips;C:\Users\FouzanJ\.p2\pool\plugins\org.eclipse.justj.openjdk.hotspot.jre.full.win32.x86_64_17.0.2.v20220201-1208\jre\bin\server

VM Arguments:
jvm_args: -ea -Dfile.encoding=Cp1252 -XX:+ShowCodeDetailsInExceptionMessages 
java_command: org.testng.remote.RemoteTestNG -serport 56803 -protocol json -d C:\Users\FouzanJ\eclipse-workspace\CucumberNew\CucumberTest\test-output C:\Users\FouzanJ\AppData\Local\Temp\testng-eclipse--2076470679\testng-customsuite.xml
java_class_path (initial): C:\Users\FouzanJ\eclipse\java-2022-03\eclipse\configuration\org.eclipse.osgi\475\0\.cp\lib\testng-remote.jar;C:\Users\FouzanJ\eclipse-workspace\CucumberNew\CucumberTest\target\test-classes;C:\Users\FouzanJ\eclipse-workspace\CucumberNew\CucumberTest\target\classes;C:\Users\FouzanJ\.m2\repository\org\seleniumhq\selenium\selenium-java\3.8.1\selenium-java-3.8.1.jar;C:\Users\FouzanJ\.m2\repository\org\seleniumhq\selenium\selenium-api\3.8.1\selenium-api-3.8.1.jar;C:\Users\FouzanJ\.m2\repository\org\seleniumhq\selenium\selenium-chrome-driver\3.8.1\selenium-chrome-driver-3.8.1.jar;C:\Users\FouzanJ\.m2\repository\org\seleniumhq\selenium\selenium-edge-driver\3.8.1\selenium-edge-driver-3.8.1.jar;C:\Users\FouzanJ\.m2\repository\org\seleniumhq\selenium\selenium-firefox-driver\3.8.1\selenium-firefox-driver-3.8.1.jar;C:\Users\FouzanJ\.m2\repository\org\seleniumhq\selenium\selenium-ie-driver\3.8.1\selenium-ie-driver-3.8.1.jar;C:\Users\FouzanJ\.m2\repository\org\seleniumhq\selenium\selenium-opera-driver\3.8.1\selenium-opera-driver-3.8.1.jar;C:\Users\FouzanJ\.m2\repository\org\seleniumhq\selenium\selenium-remote-driver\3.8.1\selenium-remote-driver-3.8.1.jar;C:\Users\FouzanJ\.m2\repository\org\seleniumhq\selenium\selenium-safari-driver\3.8.1\selenium-safari-driver-3.8.1.jar;C:\Users\FouzanJ\.m2\repository\org\seleniumhq\selenium\selenium-support\3.8.1\selenium-support-3.8.1.jar;C:\Users\FouzanJ\.m2\repository\net\bytebuddy\byte-buddy\1.7.5\byte-buddy-1.7.5.jar;C:\Users\FouzanJ\.m2\repository\org\apache\commons\commons-exec\1.3\commons-exec-1.3.jar;C:\Users\FouzanJ\.m2\repository\commons-codec\commons-codec\1.10\commons-codec-1.10.jar;C:\Users\FouzanJ\.m2\repository\commons-logging\commons-logging\1.2\commons-logging-1.2.jar;C:\Users\FouzanJ\.m2\repository\com\google\code\gson\gson\2.8.2\gson-2.8.2.jar;C:\Users\FouzanJ\.m2\repository\com\google\guava\guava\23.0\guava-23.0.jar;C:\Users\FouzanJ\.m2\repository\com\google\code\findbugs\jsr305\1.3.9\jsr305-1.3.9
Launcher Type: SUN_STANDARD

[Global flags]
     intx CICompilerCount                          = 4                                         {product} {ergonomic}
     uint ConcGCThreads                            = 2                                         {product} {ergonomic}
     uint G1ConcRefinementThreads                  = 8                                         {product} {ergonomic}
   size_t G1HeapRegionSize                         = 1048576                                   {product} {ergonomic}
    uintx GCDrainStackTargetSize                   = 64                                        {product} {ergonomic}
   size_t InitialHeapSize                          = 132120576                                 {product} {ergonomic}
   size_t MarkStackSize                            = 4194304                                   {product} {ergonomic}
   size_t MaxHeapSize                              = 2111832064                                {product} {ergonomic}
   size_t MinHeapDeltaBytes                        = 1048576                                   {product} {ergonomic}
   size_t MinHeapSize                              = 8388608                                   {product} {ergonomic}
    uintx NonNMethodCodeHeapSize                   = 5839372                                {pd product} {ergonomic}
    uintx NonProfiledCodeHeapSize                  = 122909434                              {pd product} {ergonomic}
    uintx ProfiledCodeHeapSize                     = 122909434                              {pd product} {ergonomic}
    uintx ReservedCodeCacheSize                    = 251658240                              {pd product} {ergonomic}
     bool SegmentedCodeCache                       = true                                      {product} {ergonomic}
     bool ShowCodeDetailsInExceptionMessages       = true                                   {manageable} {command line}
   size_t SoftMaxHeapSize                          = 2111832064                             {manageable} {ergonomic}
     bool UseCompressedClassPointers               = true                           {product lp64_product} {ergonomic}
     bool UseCompressedOops                        = true                           {product lp64_product} {ergonomic}
     bool UseG1GC                                  = true                                      {product} {ergonomic}
     bool UseLargePagesIndividualAllocation        = false                                  {pd product} {ergonomic}

Logging:
Log output configuration:
 #0: stdout all=warning uptime,level,tags
 #1: stderr all=off uptime,level,tags

Environment Variables:
PATH=C:/Users/FouzanJ/.p2/pool/plugins/org.eclipse.justj.openjdk.hotspot.jre.full.win32.x86_64_17.0.2.v20220201-1208/jre/bin/server;C:/Users/FouzanJ/.p2/pool/plugins/org.eclipse.justj.openjdk.hotspot.jre.full.win32.x86_64_17.0.2.v20220201-1208/jre/bin;C:\Program Files (x86)\Common Files\Oracle\Java\javapath;C:\Windows\system32;C:\Windows;C:\Windows\System32\Wbem;C:\Windows\System32\WindowsPowerShell\v1.0\;C:\Windows\System32\OpenSSH\;C:\Program Files (x86)\Java\jre1.8.0_321\bin;C:\Program Files\TortoiseGit\bin;C:\Users\FouzanJ\AppData\Local\Microsoft\WindowsApps;C:\Users\FouzanJ\AppData\Local\Programs\Microsoft VS Code\bin;C:\Users\FouzanJ\AppData\Local\Programs\Git\cmd;C:\Windows\system32;
USERNAME=FouzanJ
OS=Windows_NT
PROCESSOR_IDENTIFIER=Intel64 Family 6 Model 142 Stepping 10, GenuineIntel



---------------  S Y S T E M  ---------------

OS:
 Windows 10 , 64 bit Build 19041 (10.0.19041.1466)
OS uptime: 22 days 16:48 hours

CPU: total 8 (initial active 8) (4 cores per cpu, 2 threads per core) family 6 model 142 stepping 10 microcode 0xb4, cx8, cmov, fxsr, ht, mmx, 3dnowpref, sse, sse2, sse3, ssse3, sse4.1, sse4.2, popcnt, lzcnt, tsc, tscinvbit, avx, avx2, aes, erms, clmul, bmi1, bmi2, adx, fma, vzeroupper, clflush, clflushopt

Memory: 4k page, system-wide physical 8051M (408M free)
TotalPageFile size 26722M (AvailPageFile size 129M)
current process WorkingSet (physical memory assigned to process): 10M, peak: 10M
current process commit charge ("private bytes"): 60M, peak: 186M

vm_info: OpenJDK 64-Bit Server VM (17.0.2+8) for windows-amd64 JRE (17.0.2+8), built on Jan 20 2022 04:52:34 by "" with MS VC++ 16.7 (VS2019)

END.
