#
# There is insufficient memory for the Java Runtime Environment to continue.
# Native memory allocation (malloc) failed to allocate 32744 bytes for ChunkPool::allocate
# Possible reasons:
#   The system is out of physical RAM or swap space
#   The process is running with CompressedOops enabled, and the Java Heap may be blocking the growth of the native heap
# Possible solutions:
#   Reduce memory load on the system
#   Increase physical memory or swap space
#   Check if swap backing store is full
#   Decrease Java heap size (-Xmx/-Xms)
#   Decrease number of Java threads
#   Decrease Java thread stack sizes (-Xss)
#   Set larger code cache with -XX:ReservedCodeCacheSize=
#   JVM is running with Unscaled Compressed Oops mode in which the Java heap is
#     placed in the first 4GB address space. The Java Heap base address is the
#     maximum limit for the native heap growth. Please use -XX:HeapBaseMinAddress
#     to set the Java Heap base and to place the Java Heap above 4GB virtual address.
# This output file may be truncated or incomplete.
#
#  Out of Memory Error (arena.cpp:78), pid=45696, tid=49332
#
# JRE version: OpenJDK Runtime Environment Temurin-17.0.2+8 (17.0.2+8) (build 17.0.2+8)
# Java VM: OpenJDK 64-Bit Server VM Temurin-17.0.2+8 (17.0.2+8, mixed mode, tiered, compressed oops, compressed class ptrs, g1 gc, windows-amd64)
# No core dump will be written. Minidumps are not enabled by default on client versions of Windows
#

---------------  S U M M A R Y ------------

Command Line: -ea -javaagent:C:\Users\FouzanJ\eclipse\java-2022-03\eclipse\configuration\org.eclipse.osgi\398\0\.cp\jacocoagent.jar=includes=*,excludes=,exclclassloader=sun.reflect.DelegatingClassLoader,output=tcpclient,port=63879 -Dfile.encoding=Cp1252 -XX:+ShowCodeDetailsInExceptionMessages org.testng.remote.RemoteTestNG -serport 63880 -protocol json -d C:\Users\FouzanJ\eclipse-workspace\CucumberNew\CucumberTest\test-output C:\Users\FouzanJ\AppData\Local\Temp\testng-eclipse-2125910050\testng-customsuite.xml

Host: Intel(R) Core(TM) i5-8250U CPU @ 1.60GHz, 8 cores, 7G,  Windows 10 , 64 bit Build 19041 (10.0.19041.1466)
Time: Mon Jun 20 14:06:35 2022 India Standard Time elapsed time: 0.952548 seconds (0d 0h 0m 0s)

---------------  T H R E A D  ---------------

Current thread (0x000002945ec47160):  JavaThread "C1 CompilerThread0" daemon [_thread_in_vm, id=49332, stack(0x000000c0e5300000,0x000000c0e5400000)]


Current CompileTask:
C1:    952  685       3       java.net.URLStreamHandler::parseURL (1201 bytes)

Stack: [0x000000c0e5300000,0x000000c0e5400000]
Native frames: (J=compiled Java code, j=interpreted, Vv=VM code, C=native code)
V  [jvm.dll+0x67564a]
V  [jvm.dll+0x82fc04]
V  [jvm.dll+0x8313ae]
V  [jvm.dll+0x831a13]
V  [jvm.dll+0x245235]
V  [jvm.dll+0xabfc0]
V  [jvm.dll+0xac30c]
V  [jvm.dll+0x662987]
V  [jvm.dll+0x1fd194]
V  [jvm.dll+0x22d715]
V  [jvm.dll+0x64a2c2]
V  [jvm.dll+0x64d504]
V  [jvm.dll+0x1c4c97]
V  [jvm.dll+0x134321]
V  [jvm.dll+0x1336ea]
V  [jvm.dll+0x1353b1]
V  [jvm.dll+0x226ef8]
V  [jvm.dll+0x22503c]
V  [jvm.dll+0x7e596b]
V  [jvm.dll+0x7dff2a]
V  [jvm.dll+0x6744d5]
C  [ucrtbase.dll+0x21bb2]
C  [KERNEL32.DLL+0x17034]
C  [ntdll.dll+0x52651]


---------------  P R O C E S S  ---------------

Threads class SMR info:
_java_thread_list=0x000002945f58f610, length=14, elements={
0x00000294439a9fa0, 0x000002945e113020, 0x000002945e116b00, 0x000002945e11e880,
0x000002945ec0c490, 0x000002945ec0cd50, 0x000002945ec0da10, 0x000002945ec46860,
0x000002945ec47160, 0x000002945ec49a70, 0x000002945edb19a0, 0x000002945eff2700,
0x000002945f565040, 0x000002945f565510
}

Java Threads: ( => current thread )
  0x00000294439a9fa0 JavaThread "main" [_thread_blocked, id=29668, stack(0x000000c0e4500000,0x000000c0e4600000)]
  0x000002945e113020 JavaThread "Reference Handler" daemon [_thread_blocked, id=46228, stack(0x000000c0e4c00000,0x000000c0e4d00000)]
  0x000002945e116b00 JavaThread "Finalizer" daemon [_thread_blocked, id=33396, stack(0x000000c0e4d00000,0x000000c0e4e00000)]
  0x000002945e11e880 JavaThread "Signal Dispatcher" daemon [_thread_blocked, id=12700, stack(0x000000c0e4e00000,0x000000c0e4f00000)]
  0x000002945ec0c490 JavaThread "Attach Listener" daemon [_thread_blocked, id=53868, stack(0x000000c0e4f00000,0x000000c0e5000000)]
  0x000002945ec0cd50 JavaThread "Service Thread" daemon [_thread_blocked, id=31980, stack(0x000000c0e5000000,0x000000c0e5100000)]
  0x000002945ec0da10 JavaThread "Monitor Deflation Thread" daemon [_thread_blocked, id=52616, stack(0x000000c0e5100000,0x000000c0e5200000)]
  0x000002945ec46860 JavaThread "C2 CompilerThread0" daemon [_thread_in_vm, id=17592, stack(0x000000c0e5200000,0x000000c0e5300000)]
=>0x000002945ec47160 JavaThread "C1 CompilerThread0" daemon [_thread_in_vm, id=49332, stack(0x000000c0e5300000,0x000000c0e5400000)]
  0x000002945ec49a70 JavaThread "Sweeper thread" daemon [_thread_blocked, id=45128, stack(0x000000c0e5400000,0x000000c0e5500000)]
  0x000002945edb19a0 JavaThread "Common-Cleaner" daemon [_thread_blocked, id=40536, stack(0x000000c0e5500000,0x000000c0e5600000)]
  0x000002945eff2700 JavaThread "C2 CompilerThread1" daemon [_thread_in_vm, id=50368, stack(0x000000c0e5600000,0x000000c0e5700000)]
  0x000002945f565040 JavaThread "org.jacoco.agent.rt.internal_3570298.output.TcpClientOutput" daemon [_thread_in_native, id=44704, stack(0x000000c0e5700000,0x000000c0e5800000)]
  0x000002945f565510 JavaThread "Notification Thread" daemon [_thread_blocked, id=53012, stack(0x000000c0e5800000,0x000000c0e5900000)]

Other Threads:
  0x000002945e099d40 VMThread "VM Thread" [stack: 0x000000c0e4b00000,0x000000c0e4c00000] [id=36452]
  0x0000029443a06080 WatcherThread [stack: 0x000000c0e5900000,0x000000c0e5a00000] [id=53412]
  0x00000294439e7bd0 GCTaskThread "GC Thread#0" [stack: 0x000000c0e4600000,0x000000c0e4700000] [id=32268]
  0x00000294439f8d80 ConcurrentGCThread "G1 Main Marker" [stack: 0x000000c0e4700000,0x000000c0e4800000] [id=50968]
  0x00000294439fa6b0 ConcurrentGCThread "G1 Conc#0" [stack: 0x000000c0e4800000,0x000000c0e4900000] [id=52128]
  0x000002945df500b0 ConcurrentGCThread "G1 Refine#0" [stack: 0x000000c0e4900000,0x000000c0e4a00000] [id=41608]
  0x000002945df509e0 ConcurrentGCThread "G1 Service" [stack: 0x000000c0e4a00000,0x000000c0e4b00000] [id=44132]

Threads with active compile tasks:
C2 CompilerThread0     1038  688   !   4       java.util.zip.ZipFile$Source::getEntryPos (173 bytes)
C1 CompilerThread0     1038  685       3       java.net.URLStreamHandler::parseURL (1201 bytes)
C2 CompilerThread1     1039  679   !   4       jdk.internal.loader.URLClassPath$JarLoader::getResource (65 bytes)

VM state: not at safepoint (normal execution)

VM Mutex/Monitor currently owned by a thread:  ([mutex/lock_event])
[0x0000029443996130] CodeCache_lock - owner thread: 0x000002945ec47160
[0x00000294439a3360] Compile_lock - owner thread: 0x000002945ec47160
[0x00000294439a2790] MethodCompileQueue_lock - owner thread: 0x000002945ec47160

Heap address: 0x0000000082200000, size: 2014 MB, Compressed Oops mode: 32-bit

CDS archive(s) not mapped
Compressed class space mapped at: 0x0000000100000000-0x0000000140000000, reserved size: 1073741824
Narrow klass base: 0x0000000000000000, Narrow klass shift: 3, Narrow klass range: 0x140000000

GC Precious Log:
 CPUs: 8 total, 8 available
 Memory: 8051M
 Large Page Support: Disabled
 NUMA Support: Disabled
 Compressed Oops: Enabled (32-bit)
 Heap Region Size: 1M
 Heap Min Capacity: 8M
 Heap Initial Capacity: 126M
 Heap Max Capacity: 2014M
 Pre-touch: Disabled
 Parallel Workers: 8
 Concurrent Workers: 2
 Concurrent Refinement Workers: 8
 Periodic GC: Disabled

Heap:
 garbage-first heap   total 129024K, used 9216K [0x0000000082200000, 0x0000000100000000)
  region size 1024K, 11 young (11264K), 0 survivors (0K)
 Metaspace       used 10758K, committed 10944K, reserved 1064960K
  class space    used 979K, committed 1088K, reserved 1048576K

Heap Regions: E=young(eden), S=young(survivor), O=old, HS=humongous(starts), HC=humongous(continues), CS=collection set, F=free, OA=open archive, CA=closed archive, TAMS=top-at-mark-start (previous, next)
|   0|0x0000000082200000, 0x0000000082200000, 0x0000000082300000|  0%| F|  |TAMS 0x0000000082200000, 0x0000000082200000| Untracked 
|   1|0x0000000082300000, 0x0000000082300000, 0x0000000082400000|  0%| F|  |TAMS 0x0000000082300000, 0x0000000082300000| Untracked 
|   2|0x0000000082400000, 0x0000000082400000, 0x0000000082500000|  0%| F|  |TAMS 0x0000000082400000, 0x0000000082400000| Untracked 
|   3|0x0000000082500000, 0x0000000082500000, 0x0000000082600000|  0%| F|  |TAMS 0x0000000082500000, 0x0000000082500000| Untracked 
|   4|0x0000000082600000, 0x0000000082600000, 0x0000000082700000|  0%| F|  |TAMS 0x0000000082600000, 0x0000000082600000| Untracked 
|   5|0x0000000082700000, 0x0000000082700000, 0x0000000082800000|  0%| F|  |TAMS 0x0000000082700000, 0x0000000082700000| Untracked 
|   6|0x0000000082800000, 0x0000000082800000, 0x0000000082900000|  0%| F|  |TAMS 0x0000000082800000, 0x0000000082800000| Untracked 
|   7|0x0000000082900000, 0x0000000082900000, 0x0000000082a00000|  0%| F|  |TAMS 0x0000000082900000, 0x0000000082900000| Untracked 
|   8|0x0000000082a00000, 0x0000000082a00000, 0x0000000082b00000|  0%| F|  |TAMS 0x0000000082a00000, 0x0000000082a00000| Untracked 
|   9|0x0000000082b00000, 0x0000000082b00000, 0x0000000082c00000|  0%| F|  |TAMS 0x0000000082b00000, 0x0000000082b00000| Untracked 
|  10|0x0000000082c00000, 0x0000000082c00000, 0x0000000082d00000|  0%| F|  |TAMS 0x0000000082c00000, 0x0000000082c00000| Untracked 
|  11|0x0000000082d00000, 0x0000000082d00000, 0x0000000082e00000|  0%| F|  |TAMS 0x0000000082d00000, 0x0000000082d00000| Untracked 
|  12|0x0000000082e00000, 0x0000000082e00000, 0x0000000082f00000|  0%| F|  |TAMS 0x0000000082e00000, 0x0000000082e00000| Untracked 
|  13|0x0000000082f00000, 0x0000000082f00000, 0x0000000083000000|  0%| F|  |TAMS 0x0000000082f00000, 0x0000000082f00000| Untracked 
|  14|0x0000000083000000, 0x0000000083000000, 0x0000000083100000|  0%| F|  |TAMS 0x0000000083000000, 0x0000000083000000| Untracked 
|  15|0x0000000083100000, 0x0000000083100000, 0x0000000083200000|  0%| F|  |TAMS 0x0000000083100000, 0x0000000083100000| Untracked 
|  16|0x0000000083200000, 0x0000000083200000, 0x0000000083300000|  0%| F|  |TAMS 0x0000000083200000, 0x0000000083200000| Untracked 
|  17|0x0000000083300000, 0x0000000083300000, 0x0000000083400000|  0%| F|  |TAMS 0x0000000083300000, 0x0000000083300000| Untracked 
|  18|0x0000000083400000, 0x0000000083400000, 0x0000000083500000|  0%| F|  |TAMS 0x0000000083400000, 0x0000000083400000| Untracked 
|  19|0x0000000083500000, 0x0000000083500000, 0x0000000083600000|  0%| F|  |TAMS 0x0000000083500000, 0x0000000083500000| Untracked 
|  20|0x0000000083600000, 0x0000000083600000, 0x0000000083700000|  0%| F|  |TAMS 0x0000000083600000, 0x0000000083600000| Untracked 
|  21|0x0000000083700000, 0x0000000083700000, 0x0000000083800000|  0%| F|  |TAMS 0x0000000083700000, 0x0000000083700000| Untracked 
|  22|0x0000000083800000, 0x0000000083800000, 0x0000000083900000|  0%| F|  |TAMS 0x0000000083800000, 0x0000000083800000| Untracked 
|  23|0x0000000083900000, 0x0000000083900000, 0x0000000083a00000|  0%| F|  |TAMS 0x0000000083900000, 0x0000000083900000| Untracked 
|  24|0x0000000083a00000, 0x0000000083a00000, 0x0000000083b00000|  0%| F|  |TAMS 0x0000000083a00000, 0x0000000083a00000| Untracked 
|  25|0x0000000083b00000, 0x0000000083b00000, 0x0000000083c00000|  0%| F|  |TAMS 0x0000000083b00000, 0x0000000083b00000| Untracked 
|  26|0x0000000083c00000, 0x0000000083c00000, 0x0000000083d00000|  0%| F|  |TAMS 0x0000000083c00000, 0x0000000083c00000| Untracked 
|  27|0x0000000083d00000, 0x0000000083d00000, 0x0000000083e00000|  0%| F|  |TAMS 0x0000000083d00000, 0x0000000083d00000| Untracked 
|  28|0x0000000083e00000, 0x0000000083e00000, 0x0000000083f00000|  0%| F|  |TAMS 0x0000000083e00000, 0x0000000083e00000| Untracked 
|  29|0x0000000083f00000, 0x0000000083f00000, 0x0000000084000000|  0%| F|  |TAMS 0x0000000083f00000, 0x0000000083f00000| Untracked 
|  30|0x0000000084000000, 0x0000000084000000, 0x0000000084100000|  0%| F|  |TAMS 0x0000000084000000, 0x0000000084000000| Untracked 
|  31|0x0000000084100000, 0x0000000084100000, 0x0000000084200000|  0%| F|  |TAMS 0x0000000084100000, 0x0000000084100000| Untracked 
|  32|0x0000000084200000, 0x0000000084200000, 0x0000000084300000|  0%| F|  |TAMS 0x0000000084200000, 0x0000000084200000| Untracked 
|  33|0x0000000084300000, 0x0000000084300000, 0x0000000084400000|  0%| F|  |TAMS 0x0000000084300000, 0x0000000084300000| Untracked 
|  34|0x0000000084400000, 0x0000000084400000, 0x0000000084500000|  0%| F|  |TAMS 0x0000000084400000, 0x0000000084400000| Untracked 
|  35|0x0000000084500000, 0x0000000084500000, 0x0000000084600000|  0%| F|  |TAMS 0x0000000084500000, 0x0000000084500000| Untracked 
|  36|0x0000000084600000, 0x0000000084600000, 0x0000000084700000|  0%| F|  |TAMS 0x0000000084600000, 0x0000000084600000| Untracked 
|  37|0x0000000084700000, 0x0000000084700000, 0x0000000084800000|  0%| F|  |TAMS 0x0000000084700000, 0x0000000084700000| Untracked 
|  38|0x0000000084800000, 0x0000000084800000, 0x0000000084900000|  0%| F|  |TAMS 0x0000000084800000, 0x0000000084800000| Untracked 
|  39|0x0000000084900000, 0x0000000084900000, 0x0000000084a00000|  0%| F|  |TAMS 0x0000000084900000, 0x0000000084900000| Untracked 
|  40|0x0000000084a00000, 0x0000000084a00000, 0x0000000084b00000|  0%| F|  |TAMS 0x0000000084a00000, 0x0000000084a00000| Untracked 
|  41|0x0000000084b00000, 0x0000000084b00000, 0x0000000084c00000|  0%| F|  |TAMS 0x0000000084b00000, 0x0000000084b00000| Untracked 
|  42|0x0000000084c00000, 0x0000000084c00000, 0x0000000084d00000|  0%| F|  |TAMS 0x0000000084c00000, 0x0000000084c00000| Untracked 
|  43|0x0000000084d00000, 0x0000000084d00000, 0x0000000084e00000|  0%| F|  |TAMS 0x0000000084d00000, 0x0000000084d00000| Untracked 
|  44|0x0000000084e00000, 0x0000000084e00000, 0x0000000084f00000|  0%| F|  |TAMS 0x0000000084e00000, 0x0000000084e00000| Untracked 
|  45|0x0000000084f00000, 0x0000000084f00000, 0x0000000085000000|  0%| F|  |TAMS 0x0000000084f00000, 0x0000000084f00000| Untracked 
|  46|0x0000000085000000, 0x0000000085000000, 0x0000000085100000|  0%| F|  |TAMS 0x0000000085000000, 0x0000000085000000| Untracked 
|  47|0x0000000085100000, 0x0000000085100000, 0x0000000085200000|  0%| F|  |TAMS 0x0000000085100000, 0x0000000085100000| Untracked 
|  48|0x0000000085200000, 0x0000000085200000, 0x0000000085300000|  0%| F|  |TAMS 0x0000000085200000, 0x0000000085200000| Untracked 
|  49|0x0000000085300000, 0x0000000085300000, 0x0000000085400000|  0%| F|  |TAMS 0x0000000085300000, 0x0000000085300000| Untracked 
|  50|0x0000000085400000, 0x0000000085400000, 0x0000000085500000|  0%| F|  |TAMS 0x0000000085400000, 0x0000000085400000| Untracked 
|  51|0x0000000085500000, 0x0000000085500000, 0x0000000085600000|  0%| F|  |TAMS 0x0000000085500000, 0x0000000085500000| Untracked 
|  52|0x0000000085600000, 0x0000000085600000, 0x0000000085700000|  0%| F|  |TAMS 0x0000000085600000, 0x0000000085600000| Untracked 
|  53|0x0000000085700000, 0x0000000085700000, 0x0000000085800000|  0%| F|  |TAMS 0x0000000085700000, 0x0000000085700000| Untracked 
|  54|0x0000000085800000, 0x0000000085800000, 0x0000000085900000|  0%| F|  |TAMS 0x0000000085800000, 0x0000000085800000| Untracked 
|  55|0x0000000085900000, 0x0000000085900000, 0x0000000085a00000|  0%| F|  |TAMS 0x0000000085900000, 0x0000000085900000| Untracked 
|  56|0x0000000085a00000, 0x0000000085a00000, 0x0000000085b00000|  0%| F|  |TAMS 0x0000000085a00000, 0x0000000085a00000| Untracked 
|  57|0x0000000085b00000, 0x0000000085b00000, 0x0000000085c00000|  0%| F|  |TAMS 0x0000000085b00000, 0x0000000085b00000| Untracked 
|  58|0x0000000085c00000, 0x0000000085c00000, 0x0000000085d00000|  0%| F|  |TAMS 0x0000000085c00000, 0x0000000085c00000| Untracked 
|  59|0x0000000085d00000, 0x0000000085d00000, 0x0000000085e00000|  0%| F|  |TAMS 0x0000000085d00000, 0x0000000085d00000| Untracked 
|  60|0x0000000085e00000, 0x0000000085e00000, 0x0000000085f00000|  0%| F|  |TAMS 0x0000000085e00000, 0x0000000085e00000| Untracked 
|  61|0x0000000085f00000, 0x0000000085f00000, 0x0000000086000000|  0%| F|  |TAMS 0x0000000085f00000, 0x0000000085f00000| Untracked 
|  62|0x0000000086000000, 0x0000000086000000, 0x0000000086100000|  0%| F|  |TAMS 0x0000000086000000, 0x0000000086000000| Untracked 
|  63|0x0000000086100000, 0x0000000086100000, 0x0000000086200000|  0%| F|  |TAMS 0x0000000086100000, 0x0000000086100000| Untracked 
|  64|0x0000000086200000, 0x0000000086200000, 0x0000000086300000|  0%| F|  |TAMS 0x0000000086200000, 0x0000000086200000| Untracked 
|  65|0x0000000086300000, 0x0000000086300000, 0x0000000086400000|  0%| F|  |TAMS 0x0000000086300000, 0x0000000086300000| Untracked 
|  66|0x0000000086400000, 0x0000000086400000, 0x0000000086500000|  0%| F|  |TAMS 0x0000000086400000, 0x0000000086400000| Untracked 
|  67|0x0000000086500000, 0x0000000086500000, 0x0000000086600000|  0%| F|  |TAMS 0x0000000086500000, 0x0000000086500000| Untracked 
|  68|0x0000000086600000, 0x0000000086600000, 0x0000000086700000|  0%| F|  |TAMS 0x0000000086600000, 0x0000000086600000| Untracked 
|  69|0x0000000086700000, 0x0000000086700000, 0x0000000086800000|  0%| F|  |TAMS 0x0000000086700000, 0x0000000086700000| Untracked 
|  70|0x0000000086800000, 0x0000000086800000, 0x0000000086900000|  0%| F|  |TAMS 0x0000000086800000, 0x0000000086800000| Untracked 
|  71|0x0000000086900000, 0x0000000086900000, 0x0000000086a00000|  0%| F|  |TAMS 0x0000000086900000, 0x0000000086900000| Untracked 
|  72|0x0000000086a00000, 0x0000000086a00000, 0x0000000086b00000|  0%| F|  |TAMS 0x0000000086a00000, 0x0000000086a00000| Untracked 
|  73|0x0000000086b00000, 0x0000000086b00000, 0x0000000086c00000|  0%| F|  |TAMS 0x0000000086b00000, 0x0000000086b00000| Untracked 
|  74|0x0000000086c00000, 0x0000000086c00000, 0x0000000086d00000|  0%| F|  |TAMS 0x0000000086c00000, 0x0000000086c00000| Untracked 
|  75|0x0000000086d00000, 0x0000000086d00000, 0x0000000086e00000|  0%| F|  |TAMS 0x0000000086d00000, 0x0000000086d00000| Untracked 
|  76|0x0000000086e00000, 0x0000000086e00000, 0x0000000086f00000|  0%| F|  |TAMS 0x0000000086e00000, 0x0000000086e00000| Untracked 
|  77|0x0000000086f00000, 0x0000000086f00000, 0x0000000087000000|  0%| F|  |TAMS 0x0000000086f00000, 0x0000000086f00000| Untracked 
|  78|0x0000000087000000, 0x0000000087000000, 0x0000000087100000|  0%| F|  |TAMS 0x0000000087000000, 0x0000000087000000| Untracked 
|  79|0x0000000087100000, 0x0000000087100000, 0x0000000087200000|  0%| F|  |TAMS 0x0000000087100000, 0x0000000087100000| Untracked 
|  80|0x0000000087200000, 0x0000000087200000, 0x0000000087300000|  0%| F|  |TAMS 0x0000000087200000, 0x0000000087200000| Untracked 
|  81|0x0000000087300000, 0x0000000087300000, 0x0000000087400000|  0%| F|  |TAMS 0x0000000087300000, 0x0000000087300000| Untracked 
|  82|0x0000000087400000, 0x0000000087400000, 0x0000000087500000|  0%| F|  |TAMS 0x0000000087400000, 0x0000000087400000| Untracked 
|  83|0x0000000087500000, 0x0000000087500000, 0x0000000087600000|  0%| F|  |TAMS 0x0000000087500000, 0x0000000087500000| Untracked 
|  84|0x0000000087600000, 0x0000000087600000, 0x0000000087700000|  0%| F|  |TAMS 0x0000000087600000, 0x0000000087600000| Untracked 
|  85|0x0000000087700000, 0x0000000087700000, 0x0000000087800000|  0%| F|  |TAMS 0x0000000087700000, 0x0000000087700000| Untracked 
|  86|0x0000000087800000, 0x0000000087800000, 0x0000000087900000|  0%| F|  |TAMS 0x0000000087800000, 0x0000000087800000| Untracked 
|  87|0x0000000087900000, 0x0000000087900000, 0x0000000087a00000|  0%| F|  |TAMS 0x0000000087900000, 0x0000000087900000| Untracked 
|  88|0x0000000087a00000, 0x0000000087a00000, 0x0000000087b00000|  0%| F|  |TAMS 0x0000000087a00000, 0x0000000087a00000| Untracked 
|  89|0x0000000087b00000, 0x0000000087b00000, 0x0000000087c00000|  0%| F|  |TAMS 0x0000000087b00000, 0x0000000087b00000| Untracked 
|  90|0x0000000087c00000, 0x0000000087c00000, 0x0000000087d00000|  0%| F|  |TAMS 0x0000000087c00000, 0x0000000087c00000| Untracked 
|  91|0x0000000087d00000, 0x0000000087d00000, 0x0000000087e00000|  0%| F|  |TAMS 0x0000000087d00000, 0x0000000087d00000| Untracked 
|  92|0x0000000087e00000, 0x0000000087e00000, 0x0000000087f00000|  0%| F|  |TAMS 0x0000000087e00000, 0x0000000087e00000| Untracked 
|  93|0x0000000087f00000, 0x0000000087f00000, 0x0000000088000000|  0%| F|  |TAMS 0x0000000087f00000, 0x0000000087f00000| Untracked 
|  94|0x0000000088000000, 0x0000000088000000, 0x0000000088100000|  0%| F|  |TAMS 0x0000000088000000, 0x0000000088000000| Untracked 
|  95|0x0000000088100000, 0x0000000088100000, 0x0000000088200000|  0%| F|  |TAMS 0x0000000088100000, 0x0000000088100000| Untracked 
|  96|0x0000000088200000, 0x0000000088200000, 0x0000000088300000|  0%| F|  |TAMS 0x0000000088200000, 0x0000000088200000| Untracked 
|  97|0x0000000088300000, 0x0000000088300000, 0x0000000088400000|  0%| F|  |TAMS 0x0000000088300000, 0x0000000088300000| Untracked 
|  98|0x0000000088400000, 0x0000000088400000, 0x0000000088500000|  0%| F|  |TAMS 0x0000000088400000, 0x0000000088400000| Untracked 
|  99|0x0000000088500000, 0x0000000088500000, 0x0000000088600000|  0%| F|  |TAMS 0x0000000088500000, 0x0000000088500000| Untracked 
| 100|0x0000000088600000, 0x0000000088600000, 0x0000000088700000|  0%| F|  |TAMS 0x0000000088600000, 0x0000000088600000| Untracked 
| 101|0x0000000088700000, 0x0000000088700000, 0x0000000088800000|  0%| F|  |TAMS 0x0000000088700000, 0x0000000088700000| Untracked 
| 102|0x0000000088800000, 0x0000000088800000, 0x0000000088900000|  0%| F|  |TAMS 0x0000000088800000, 0x0000000088800000| Untracked 
| 103|0x0000000088900000, 0x0000000088900000, 0x0000000088a00000|  0%| F|  |TAMS 0x0000000088900000, 0x0000000088900000| Untracked 
| 104|0x0000000088a00000, 0x0000000088a00000, 0x0000000088b00000|  0%| F|  |TAMS 0x0000000088a00000, 0x0000000088a00000| Untracked 
| 105|0x0000000088b00000, 0x0000000088b00000, 0x0000000088c00000|  0%| F|  |TAMS 0x0000000088b00000, 0x0000000088b00000| Untracked 
| 106|0x0000000088c00000, 0x0000000088c00000, 0x0000000088d00000|  0%| F|  |TAMS 0x0000000088c00000, 0x0000000088c00000| Untracked 
| 107|0x0000000088d00000, 0x0000000088d00000, 0x0000000088e00000|  0%| F|  |TAMS 0x0000000088d00000, 0x0000000088d00000| Untracked 
| 108|0x0000000088e00000, 0x0000000088e00000, 0x0000000088f00000|  0%| F|  |TAMS 0x0000000088e00000, 0x0000000088e00000| Untracked 
| 109|0x0000000088f00000, 0x0000000088f00000, 0x0000000089000000|  0%| F|  |TAMS 0x0000000088f00000, 0x0000000088f00000| Untracked 
| 110|0x0000000089000000, 0x0000000089000000, 0x0000000089100000|  0%| F|  |TAMS 0x0000000089000000, 0x0000000089000000| Untracked 
| 111|0x0000000089100000, 0x0000000089100000, 0x0000000089200000|  0%| F|  |TAMS 0x0000000089100000, 0x0000000089100000| Untracked 
| 112|0x0000000089200000, 0x0000000089200000, 0x0000000089300000|  0%| F|  |TAMS 0x0000000089200000, 0x0000000089200000| Untracked 
| 113|0x0000000089300000, 0x0000000089300000, 0x0000000089400000|  0%| F|  |TAMS 0x0000000089300000, 0x0000000089300000| Untracked 
| 114|0x0000000089400000, 0x0000000089400000, 0x0000000089500000|  0%| F|  |TAMS 0x0000000089400000, 0x0000000089400000| Untracked 
| 115|0x0000000089500000, 0x00000000895773e8, 0x0000000089600000| 46%| E|  |TAMS 0x0000000089500000, 0x0000000089500000| Complete 
| 116|0x0000000089600000, 0x0000000089700000, 0x0000000089700000|100%| E|CS|TAMS 0x0000000089600000, 0x0000000089600000| Complete 
| 117|0x0000000089700000, 0x0000000089800000, 0x0000000089800000|100%| E|CS|TAMS 0x0000000089700000, 0x0000000089700000| Complete 
| 118|0x0000000089800000, 0x0000000089900000, 0x0000000089900000|100%| E|CS|TAMS 0x0000000089800000, 0x0000000089800000| Complete 
| 119|0x0000000089900000, 0x0000000089a00000, 0x0000000089a00000|100%| E|CS|TAMS 0x0000000089900000, 0x0000000089900000| Complete 
| 120|0x0000000089a00000, 0x0000000089b00000, 0x0000000089b00000|100%| E|CS|TAMS 0x0000000089a00000, 0x0000000089a00000| Complete 
| 121|0x0000000089b00000, 0x0000000089c00000, 0x0000000089c00000|100%| E|CS|TAMS 0x0000000089b00000, 0x0000000089b00000| Complete 
| 122|0x0000000089c00000, 0x0000000089d00000, 0x0000000089d00000|100%| E|  |TAMS 0x0000000089c00000, 0x0000000089c00000| Complete 
| 123|0x0000000089d00000, 0x0000000089e00000, 0x0000000089e00000|100%| E|CS|TAMS 0x0000000089d00000, 0x0000000089d00000| Complete 
| 124|0x0000000089e00000, 0x0000000089f00000, 0x0000000089f00000|100%| E|CS|TAMS 0x0000000089e00000, 0x0000000089e00000| Complete 
| 125|0x0000000089f00000, 0x000000008a000000, 0x000000008a000000|100%| E|CS|TAMS 0x0000000089f00000, 0x0000000089f00000| Complete 

Card table byte_map: [0x0000029456f30000,0x0000029457320000] _byte_map_base: 0x0000029456b1f000

Marking Bits (Prev, Next): (CMBitMap*) 0x00000294439e80f0, (CMBitMap*) 0x00000294439e8130
 Prev Bits: [0x0000029457710000, 0x0000029459688000)
 Next Bits: [0x0000029459690000, 0x000002945b608000)

Polling page: 0x0000029442180000

Metaspace:

Usage:
  Non-class:      9.55 MB used.
      Class:    979.75 KB used.
       Both:     10.51 MB used.

Virtual space:
  Non-class space:       16.00 MB reserved,       9.62 MB ( 60%) committed,  2 nodes.
      Class space:        1.00 GB reserved,       1.06 MB ( <1%) committed,  1 nodes.
             Both:        1.02 GB reserved,      10.69 MB (  1%) committed. 

Chunk freelists:
   Non-Class:  1.98 MB
       Class:  2.92 MB
        Both:  4.91 MB

MaxMetaspaceSize: unlimited
CompressedClassSpaceSize: 1.00 GB
Initial GC threshold: 21.00 MB
Current GC threshold: 21.00 MB
CDS: off
MetaspaceReclaimPolicy: balanced
 - commit_granule_bytes: 65536.
 - commit_granule_words: 8192.
 - virtual_space_node_default_size: 1048576.
 - enlarge_chunks_in_place: 1.
 - new_chunks_are_fully_committed: 0.
 - uncommit_free_chunks: 1.
 - use_allocation_guard: 0.
 - handle_deallocations: 1.


Internal statistics:

num_allocs_failed_limit: 0.
num_arena_births: 16.
num_arena_deaths: 0.
num_vsnodes_births: 3.
num_vsnodes_deaths: 0.
num_space_committed: 171.
num_space_uncommitted: 0.
num_chunks_returned_to_freelist: 0.
num_chunks_taken_from_freelist: 74.
num_chunk_merges: 0.
num_chunk_splits: 34.
num_chunks_enlarged: 22.
num_purges: 0.
num_inconsistent_stats: 0.

CodeHeap 'non-profiled nmethods': size=120000Kb used=234Kb max_used=234Kb free=119765Kb
 bounds [0x000002944eba0000, 0x000002944ee10000, 0x00000294560d0000]
CodeHeap 'profiled nmethods': size=120000Kb used=1183Kb max_used=1183Kb free=118816Kb
 bounds [0x0000029447670000, 0x00000294478e0000, 0x000002944eba0000]
CodeHeap 'non-nmethods': size=5760Kb used=1137Kb max_used=1153Kb free=4622Kb
 bounds [0x00000294470d0000, 0x0000029447340000, 0x0000029447670000]
 total_blobs=1108 nmethods=683 adapters=337
 compilation: enabled
              stopped_count=0, restarted_count=0
 full_count=0

Compilation events (20 events):
Event: 0.919 Thread 0x000002945ec46860 nmethod 671 0x000002944ebda190 code [0x000002944ebda320, 0x000002944ebda618]
Event: 0.920 Thread 0x000002945ec47160 nmethod 673 0x0000029447780a90 code [0x0000029447780dc0, 0x0000029447782218]
Event: 0.920 Thread 0x000002945ec47160  677       3       java.lang.String::getChars (54 bytes)
Event: 0.920 Thread 0x000002945ec47160 nmethod 677 0x0000029447782990 code [0x0000029447782b80, 0x0000029447782ff8]
Event: 0.920 Thread 0x000002945ec47160  678       3       java.lang.StringLatin1::getChars (12 bytes)
Event: 0.920 Thread 0x000002945ec47160 nmethod 678 0x0000029447783210 code [0x00000294477833a0, 0x00000294477834c8]
Event: 0.920 Thread 0x000002945ec47160  674       3       java.lang.StringConcatHelper::simpleConcat (94 bytes)
Event: 0.921 Thread 0x000002945ec47160 nmethod 674 0x0000029447783590 code [0x00000294477838c0, 0x0000029447784c98]
Event: 0.921 Thread 0x000002945ec47160  681   !   3       jdk.internal.ref.PhantomCleanable::insert (53 bytes)
Event: 0.921 Thread 0x000002945ec47160 nmethod 681 0x0000029447785390 code [0x0000029447785540, 0x00000294477858b8]
Event: 0.921 Thread 0x000002945ec47160  680       3       jdk.internal.ref.CleanerFactory::cleaner (4 bytes)
Event: 0.921 Thread 0x000002945ec47160 nmethod 680 0x0000029447785a10 code [0x0000029447785ba0, 0x0000029447785c98]
Event: 0.921 Thread 0x000002945ec47160  682   !   3       jdk.internal.loader.BuiltinClassLoader::loadClassOrNull (143 bytes)
Event: 0.922 Thread 0x000002945ec47160 nmethod 682 0x0000029447785d10 code [0x0000029447786040, 0x0000029447787538]
Event: 0.923 Thread 0x000002945ec47160  683       3       java.lang.ClassLoader::getClassLoadingLock (35 bytes)
Event: 0.923 Thread 0x000002945ec47160 nmethod 683 0x0000029447787d90 code [0x0000029447787f40, 0x0000029447788228]
Event: 0.923 Thread 0x000002945ec47160  684       3       java.util.LinkedHashMap$LinkedHashIterator::hasNext (13 bytes)
Event: 0.923 Thread 0x000002945ec47160 nmethod 684 0x0000029447788390 code [0x0000029447788520, 0x0000029447788698]
Event: 0.923 Thread 0x000002945ec47160  685       3       java.net.URLStreamHandler::parseURL (1201 bytes)
Event: 0.930 Thread 0x000002945ec46860  688   !   4       java.util.zip.ZipFile$Source::getEntryPos (173 bytes)

GC Heap History (0 events):
No events

Deoptimization events (20 events):
Event: 0.609 Thread 0x00000294439a9fa0 DEOPT PACKING pc=0x000002944ebad074 sp=0x000000c0e45fe200
Event: 0.609 Thread 0x00000294439a9fa0 DEOPT UNPACKING pc=0x00000294471223a3 sp=0x000000c0e45fe180 mode 2
Event: 0.633 Thread 0x00000294439a9fa0 Uncommon trap: trap_request=0xffffff45 fr.pc=0x000002944ebad0d4 relative=0x0000000000000874
Event: 0.633 Thread 0x00000294439a9fa0 Uncommon trap: reason=unstable_if action=reinterpret pc=0x000002944ebad0d4 method=java.util.HashMap.putVal(ILjava/lang/Object;Ljava/lang/Object;ZZ)Ljava/lang/Object; @ 181 c2
Event: 0.633 Thread 0x00000294439a9fa0 DEOPT PACKING pc=0x000002944ebad0d4 sp=0x000000c0e45fe010
Event: 0.633 Thread 0x00000294439a9fa0 DEOPT UNPACKING pc=0x00000294471223a3 sp=0x000000c0e45fdfb0 mode 2
Event: 0.676 Thread 0x00000294439a9fa0 DEOPT PACKING pc=0x00000294476d1674 sp=0x000000c0e45fe190
Event: 0.676 Thread 0x00000294439a9fa0 DEOPT UNPACKING pc=0x0000029447122b43 sp=0x000000c0e45fd660 mode 0
Event: 0.748 Thread 0x00000294439a9fa0 DEOPT PACKING pc=0x00000294477111ee sp=0x000000c0e45fcbd0
Event: 0.748 Thread 0x00000294439a9fa0 DEOPT UNPACKING pc=0x0000029447122b43 sp=0x000000c0e45fc028 mode 0
Event: 0.748 Thread 0x00000294439a9fa0 DEOPT PACKING pc=0x00000294477111ee sp=0x000000c0e45fcbd0
Event: 0.748 Thread 0x00000294439a9fa0 DEOPT UNPACKING pc=0x0000029447122b43 sp=0x000000c0e45fc028 mode 0
Event: 0.751 Thread 0x00000294439a9fa0 DEOPT PACKING pc=0x00000294476a8aad sp=0x000000c0e45f9260
Event: 0.751 Thread 0x00000294439a9fa0 DEOPT UNPACKING pc=0x0000029447122b43 sp=0x000000c0e45f86f8 mode 0
Event: 0.757 Thread 0x00000294439a9fa0 DEOPT PACKING pc=0x00000294477111ee sp=0x000000c0e45fc370
Event: 0.757 Thread 0x00000294439a9fa0 DEOPT UNPACKING pc=0x0000029447122b43 sp=0x000000c0e45fb7c8 mode 0
Event: 0.759 Thread 0x00000294439a9fa0 DEOPT PACKING pc=0x00000294477111ee sp=0x000000c0e45fce90
Event: 0.759 Thread 0x00000294439a9fa0 DEOPT UNPACKING pc=0x0000029447122b43 sp=0x000000c0e45fc2e8 mode 0
Event: 0.875 Thread 0x00000294439a9fa0 DEOPT PACKING pc=0x000002944771f7e5 sp=0x000000c0e45f9680
Event: 0.875 Thread 0x00000294439a9fa0 DEOPT UNPACKING pc=0x0000029447122b43 sp=0x000000c0e45f8ad0 mode 0

Classes unloaded (0 events):
No events

Classes redefined (0 events):
No events

Internal exceptions (4 events):
Event: 0.802 Thread 0x00000294439a9fa0 Exception <a 'java/lang/NoSuchMethodError'{0x0000000089850ca8}: 'java.lang.Object java.lang.invoke.DirectMethodHandle$Holder.invokeStaticInit(java.lang.Object)'> (0x0000000089850ca8) 
thrown [e:\jenkins\tmp\workspace\build\src\src\hotspot\share\interpreter\linkResolver.cpp, line 766]
Event: 0.815 Thread 0x00000294439a9fa0 Exception <a 'java/lang/NoSuchMethodError'{0x000000008985e1e8}: 'void java.lang.invoke.DirectMethodHandle$Holder.invokeStatic(java.lang.Object, java.lang.Object)'> (0x000000008985e1e8) 
thrown [e:\jenkins\tmp\workspace\build\src\src\hotspot\share\interpreter\linkResolver.cpp, line 766]
Event: 0.829 Thread 0x00000294439a9fa0 Exception <a 'java/lang/NoSuchMethodError'{0x0000000089895650}: 'void java.lang.invoke.DirectMethodHandle$Holder.invokeStatic(java.lang.Object, java.lang.Object, java.lang.Object)'> (0x0000000089895650) 
thrown [e:\jenkins\tmp\workspace\build\src\src\hotspot\share\interpreter\linkResolver.cpp, line 766]
Event: 0.830 Thread 0x00000294439a9fa0 Exception <a 'java/lang/NoSuchMethodError'{0x000000008989bd40}: 'void java.lang.invoke.DirectMethodHandle$Holder.invokeStatic(java.lang.Object, java.lang.Object, java.lang.Object, java.lang.Object)'> (0x000000008989bd40) 
thrown [e:\jenkins\tmp\workspace\build\src\src\hotspot\share\interpreter\linkResolver.cpp, line 766]

VM Operations (6 events):
Event: 0.429 Executing VM operation: HandshakeAllThreads
Event: 0.429 Executing VM operation: HandshakeAllThreads done
Event: 0.763 Executing VM operation: HandshakeAllThreads
Event: 0.763 Executing VM operation: HandshakeAllThreads done
Event: 0.818 Executing VM operation: HandshakeAllThreads
Event: 0.818 Executing VM operation: HandshakeAllThreads done

Events (20 events):
Event: 0.873 loading class java/util/zip/ZipOutputStream done
Event: 0.873 loading class java/util/zip/GZIPInputStream
Event: 0.873 loading class java/util/zip/GZIPInputStream done
Event: 0.874 loading class java/util/zip/GZIPOutputStream
Event: 0.874 loading class java/util/zip/GZIPOutputStream done
Event: 0.879 loading class java/util/regex/Pattern$StartS
Event: 0.879 loading class java/util/regex/Pattern$StartS done
Event: 0.882 Thread 0x000002945f565510 Thread added: 0x000002945f565510
Event: 0.882 loading class jdk/internal/vm/PostVMInitHook
Event: 0.882 loading class jdk/internal/vm/PostVMInitHook done
Event: 0.882 loading class sun/launcher/LauncherHelper
Event: 0.885 loading class sun/launcher/LauncherHelper done
Event: 0.885 loading class sun/nio/cs/SingleByte$Decoder
Event: 0.885 loading class sun/nio/cs/ArrayDecoder
Event: 0.885 loading class sun/nio/cs/ArrayDecoder done
Event: 0.885 loading class java/nio/charset/CharsetDecoder
Event: 0.885 loading class java/nio/charset/CharsetDecoder done
Event: 0.885 loading class sun/nio/cs/SingleByte$Decoder done
Event: 0.934 loading class java/util/BitSet
Event: 0.934 loading class java/util/BitSet done


Dynamic libraries:
0x00007ff7407f0000 - 0x00007ff7407fe000 	C:\Users\FouzanJ\.p2\pool\plugins\org.eclipse.justj.openjdk.hotspot.jre.full.win32.x86_64_17.0.2.v20220201-1208\jre\bin\javaw.exe
0x00007ffb9b630000 - 0x00007ffb9b825000 	C:\Windows\SYSTEM32\ntdll.dll
0x00007ffb99ad0000 - 0x00007ffb99b8e000 	C:\Windows\System32\KERNEL32.DLL
0x00007ffb99130000 - 0x00007ffb993f8000 	C:\Windows\System32\KERNELBASE.dll
0x00007ffb99400000 - 0x00007ffb99500000 	C:\Windows\System32\ucrtbase.dll
0x00007ffb8f0c0000 - 0x00007ffb8f0d8000 	C:\Users\FouzanJ\.p2\pool\plugins\org.eclipse.justj.openjdk.hotspot.jre.full.win32.x86_64_17.0.2.v20220201-1208\jre\bin\jli.dll
0x00007ffb8b6e0000 - 0x00007ffb8b6f9000 	C:\Users\FouzanJ\.p2\pool\plugins\org.eclipse.justj.openjdk.hotspot.jre.full.win32.x86_64_17.0.2.v20220201-1208\jre\bin\VCRUNTIME140.dll
0x00007ffb99920000 - 0x00007ffb99ac1000 	C:\Windows\System32\USER32.dll
0x00007ffb99500000 - 0x00007ffb99522000 	C:\Windows\System32\win32u.dll
0x00007ffb83d60000 - 0x00007ffb83ffa000 	C:\Windows\WinSxS\amd64_microsoft.windows.common-controls_6595b64144ccf1df_6.0.19041.1110_none_60b5254171f9507e\COMCTL32.dll
0x00007ffb997c0000 - 0x00007ffb997eb000 	C:\Windows\System32\GDI32.dll
0x00007ffb9a2e0000 - 0x00007ffb9a37e000 	C:\Windows\System32\msvcrt.dll
0x00007ffb98d40000 - 0x00007ffb98e4d000 	C:\Windows\System32\gdi32full.dll
0x00007ffb98e50000 - 0x00007ffb98eed000 	C:\Windows\System32\msvcp_win.dll
0x00007ffb9adc0000 - 0x00007ffb9adf0000 	C:\Windows\System32\IMM32.DLL
0x00007ffb71af0000 - 0x00007ffb71b94000 	C:\Program Files\McAfee\Endpoint Security\Threat Prevention\Ips\EpMPApi.dll
0x00007ffb9a420000 - 0x00007ffb9a545000 	C:\Windows\System32\RPCRT4.dll
0x00007ffb99710000 - 0x00007ffb997be000 	C:\Windows\System32\ADVAPI32.dll
0x00007ffb99670000 - 0x00007ffb9970c000 	C:\Windows\System32\sechost.dll
0x00007ffb990d0000 - 0x00007ffb99130000 	C:\Windows\System32\WINTRUST.dll
0x00007ffb98ef0000 - 0x00007ffb99046000 	C:\Windows\System32\CRYPT32.dll
0x00007ffb98850000 - 0x00007ffb98862000 	C:\Windows\SYSTEM32\MSASN1.dll
0x0000000076860000 - 0x000000007686c000 	C:\Program Files\McAfee\Endpoint Security\Threat Prevention\Ips\EpMPThe.dll
0x00007ffb93040000 - 0x00007ffb9304c000 	C:\Users\FouzanJ\.p2\pool\plugins\org.eclipse.justj.openjdk.hotspot.jre.full.win32.x86_64_17.0.2.v20220201-1208\jre\bin\vcruntime140_1.dll
0x00007ffb684d0000 - 0x00007ffb68561000 	C:\Users\FouzanJ\.p2\pool\plugins\org.eclipse.justj.openjdk.hotspot.jre.full.win32.x86_64_17.0.2.v20220201-1208\jre\bin\msvcp140.dll
0x00007ffb484a0000 - 0x00007ffb490e7000 	C:\Users\FouzanJ\.p2\pool\plugins\org.eclipse.justj.openjdk.hotspot.jre.full.win32.x86_64_17.0.2.v20220201-1208\jre\bin\server\jvm.dll
0x00007ffb9af70000 - 0x00007ffb9af78000 	C:\Windows\System32\PSAPI.DLL
0x00007ffb81ac0000 - 0x00007ffb81ac9000 	C:\Windows\SYSTEM32\WSOCK32.dll
0x00007ffb82b80000 - 0x00007ffb82ba7000 	C:\Windows\SYSTEM32\WINMM.dll
0x00007ffb9a1b0000 - 0x00007ffb9a21b000 	C:\Windows\System32\WS2_32.dll
0x00007ffb8f880000 - 0x00007ffb8f88a000 	C:\Windows\SYSTEM32\VERSION.dll
0x00007ffb97610000 - 0x00007ffb97622000 	C:\Windows\SYSTEM32\kernel.appcore.dll
0x00007ffb91450000 - 0x00007ffb9145a000 	C:\Users\FouzanJ\.p2\pool\plugins\org.eclipse.justj.openjdk.hotspot.jre.full.win32.x86_64_17.0.2.v20220201-1208\jre\bin\jimage.dll
0x00007ffb93ae0000 - 0x00007ffb93cc4000 	C:\Windows\SYSTEM32\DBGHELP.DLL
0x00007ffb7d110000 - 0x00007ffb7d13c000 	C:\Windows\SYSTEM32\dbgcore.DLL
0x00007ffb995e0000 - 0x00007ffb99662000 	C:\Windows\System32\bcryptPrimitives.dll
0x00007ffb91410000 - 0x00007ffb9141e000 	C:\Users\FouzanJ\.p2\pool\plugins\org.eclipse.justj.openjdk.hotspot.jre.full.win32.x86_64_17.0.2.v20220201-1208\jre\bin\instrument.dll
0x00007ffb81770000 - 0x00007ffb81795000 	C:\Users\FouzanJ\.p2\pool\plugins\org.eclipse.justj.openjdk.hotspot.jre.full.win32.x86_64_17.0.2.v20220201-1208\jre\bin\java.dll
0x00007ffb7e240000 - 0x00007ffb7e258000 	C:\Users\FouzanJ\.p2\pool\plugins\org.eclipse.justj.openjdk.hotspot.jre.full.win32.x86_64_17.0.2.v20220201-1208\jre\bin\zip.dll
0x00007ffb9a670000 - 0x00007ffb9adb4000 	C:\Windows\System32\SHELL32.dll
0x00007ffb93cd0000 - 0x00007ffb94465000 	C:\Windows\SYSTEM32\windows.storage.dll
0x00007ffb9b060000 - 0x00007ffb9b3b5000 	C:\Windows\System32\combase.dll
0x00007ffb986c0000 - 0x00007ffb986ee000 	C:\Windows\SYSTEM32\Wldp.dll
0x00007ffb9aec0000 - 0x00007ffb9af6d000 	C:\Windows\System32\SHCORE.dll
0x00007ffb9a280000 - 0x00007ffb9a2d5000 	C:\Windows\System32\shlwapi.dll
0x00007ffb98c80000 - 0x00007ffb98c9f000 	C:\Windows\SYSTEM32\profapi.dll
0x00007ffb81280000 - 0x00007ffb81299000 	C:\Users\FouzanJ\.p2\pool\plugins\org.eclipse.justj.openjdk.hotspot.jre.full.win32.x86_64_17.0.2.v20220201-1208\jre\bin\net.dll
0x00007ffb8d410000 - 0x00007ffb8d51c000 	C:\Windows\SYSTEM32\WINHTTP.dll
0x00007ffb98420000 - 0x00007ffb9848a000 	C:\Windows\system32\mswsock.dll
0x00007ffb7e340000 - 0x00007ffb7e355000 	C:\Users\FouzanJ\.p2\pool\plugins\org.eclipse.justj.openjdk.hotspot.jre.full.win32.x86_64_17.0.2.v20220201-1208\jre\bin\nio.dll
0x00007ffb914a0000 - 0x00007ffb914b0000 	C:\Users\FouzanJ\.p2\pool\plugins\org.eclipse.justj.openjdk.hotspot.jre.full.win32.x86_64_17.0.2.v20220201-1208\jre\bin\verify.dll
0x00007ffb74b20000 - 0x00007ffb74b37000 	C:\Windows\system32\napinsp.dll
0x00007ffb74a20000 - 0x00007ffb74a3b000 	C:\Windows\system32\pnrpnsp.dll
0x00007ffb74920000 - 0x00007ffb74935000 	C:\Windows\system32\wshbth.dll
0x00007ffb91360000 - 0x00007ffb9137d000 	C:\Windows\system32\NLAapi.dll
0x00007ffb98110000 - 0x00007ffb9814b000 	C:\Windows\SYSTEM32\IPHLPAPI.DLL
0x00007ffb98150000 - 0x00007ffb9821b000 	C:\Windows\SYSTEM32\DNSAPI.dll
0x00007ffb99b90000 - 0x00007ffb99b98000 	C:\Windows\System32\NSI.dll
0x00007ffb74900000 - 0x00007ffb74912000 	C:\Windows\System32\winrnr.dll
0x00007ffb8ca30000 - 0x00007ffb8ca3a000 	C:\Windows\System32\rasadhlp.dll
0x00007ffb90ee0000 - 0x00007ffb90f5f000 	C:\Windows\System32\fwpuclnt.dll
0x00007ffb990a0000 - 0x00007ffb990c7000 	C:\Windows\System32\bcrypt.dll
0x00007ffb907a0000 - 0x00007ffb907b7000 	C:\Windows\SYSTEM32\dhcpcsvc6.DLL
0x00007ffb90720000 - 0x00007ffb9073d000 	C:\Windows\SYSTEM32\dhcpcsvc.DLL

dbghelp: loaded successfully - version: 4.0.5 - missing functions: none
symbol engine: initialized successfully - sym options: 0x614 - pdb path: .;C:\Users\FouzanJ\.p2\pool\plugins\org.eclipse.justj.openjdk.hotspot.jre.full.win32.x86_64_17.0.2.v20220201-1208\jre\bin;C:\Windows\SYSTEM32;C:\Windows\WinSxS\amd64_microsoft.windows.common-controls_6595b64144ccf1df_6.0.19041.1110_none_60b5254171f9507e;C:\Program Files\McAfee\Endpoint Security\Threat Prevention\Ips;C:\Users\FouzanJ\.p2\pool\plugins\org.eclipse.justj.openjdk.hotspot.jre.full.win32.x86_64_17.0.2.v20220201-1208\jre\bin\server

VM Arguments:
jvm_args: -ea -javaagent:C:\Users\FouzanJ\eclipse\java-2022-03\eclipse\configuration\org.eclipse.osgi\398\0\.cp\jacocoagent.jar=includes=*,excludes=,exclclassloader=sun.reflect.DelegatingClassLoader,output=tcpclient,port=63879 -Dfile.encoding=Cp1252 -XX:+ShowCodeDetailsInExceptionMessages 
java_command: org.testng.remote.RemoteTestNG -serport 63880 -protocol json -d C:\Users\FouzanJ\eclipse-workspace\CucumberNew\CucumberTest\test-output C:\Users\FouzanJ\AppData\Local\Temp\testng-eclipse-2125910050\testng-customsuite.xml
java_class_path (initial): C:\Users\FouzanJ\eclipse\java-2022-03\eclipse\configuration\org.eclipse.osgi\475\0\.cp\lib\testng-remote.jar;C:\Users\FouzanJ\eclipse-workspace\CucumberNew\CucumberTest\target\test-classes;C:\Users\FouzanJ\eclipse-workspace\CucumberNew\CucumberTest\target\classes;C:\Users\FouzanJ\.m2\repository\org\seleniumhq\selenium\selenium-java\3.8.1\selenium-java-3.8.1.jar;C:\Users\FouzanJ\.m2\repository\org\seleniumhq\selenium\selenium-api\3.8.1\selenium-api-3.8.1.jar;C:\Users\FouzanJ\.m2\repository\org\seleniumhq\selenium\selenium-chrome-driver\3.8.1\selenium-chrome-driver-3.8.1.jar;C:\Users\FouzanJ\.m2\repository\org\seleniumhq\selenium\selenium-edge-driver\3.8.1\selenium-edge-driver-3.8.1.jar;C:\Users\FouzanJ\.m2\repository\org\seleniumhq\selenium\selenium-firefox-driver\3.8.1\selenium-firefox-driver-3.8.1.jar;C:\Users\FouzanJ\.m2\repository\org\seleniumhq\selenium\selenium-ie-driver\3.8.1\selenium-ie-driver-3.8.1.jar;C:\Users\FouzanJ\.m2\repository\org\seleniumhq\selenium\selenium-opera-driver\3.8.1\selenium-opera-driver-3.8.1.jar;C:\Users\FouzanJ\.m2\repository\org\seleniumhq\selenium\selenium-remote-driver\3.8.1\selenium-remote-driver-3.8.1.jar;C:\Users\FouzanJ\.m2\repository\org\seleniumhq\selenium\selenium-safari-driver\3.8.1\selenium-safari-driver-3.8.1.jar;C:\Users\FouzanJ\.m2\repository\org\seleniumhq\selenium\selenium-support\3.8.1\selenium-support-3.8.1.jar;C:\Users\FouzanJ\.m2\repository\net\bytebuddy\byte-buddy\1.7.5\byte-buddy-1.7.5.jar;C:\Users\FouzanJ\.m2\repository\org\apache\commons\commons-exec\1.3\commons-exec-1.3.jar;C:\Users\FouzanJ\.m2\repository\commons-codec\commons-codec\1.10\commons-codec-1.10.jar;C:\Users\FouzanJ\.m2\repository\commons-logging\commons-logging\1.2\commons-logging-1.2.jar;C:\Users\FouzanJ\.m2\repository\com\google\code\gson\gson\2.8.2\gson-2.8.2.jar;C:\Users\FouzanJ\.m2\repository\com\google\guava\guava\23.0\guava-23.0.jar;C:\Users\FouzanJ\.m2\repository\com\google\code\findbugs\jsr305\1.3.9\jsr305-1.3.9
Launcher Type: SUN_STANDARD

[Global flags]
     intx CICompilerCount                          = 4                                         {product} {ergonomic}
     uint ConcGCThreads                            = 2                                         {product} {ergonomic}
     uint G1ConcRefinementThreads                  = 8                                         {product} {ergonomic}
   size_t G1HeapRegionSize                         = 1048576                                   {product} {ergonomic}
    uintx GCDrainStackTargetSize                   = 64                                        {product} {ergonomic}
   size_t InitialHeapSize                          = 132120576                                 {product} {ergonomic}
   size_t MarkStackSize                            = 4194304                                   {product} {ergonomic}
   size_t MaxHeapSize                              = 2111832064                                {product} {ergonomic}
   size_t MaxNewSize                               = 1266679808                                {product} {ergonomic}
   size_t MinHeapDeltaBytes                        = 1048576                                   {product} {ergonomic}
   size_t MinHeapSize                              = 8388608                                   {product} {ergonomic}
    uintx NonNMethodCodeHeapSize                   = 5839372                                {pd product} {ergonomic}
    uintx NonProfiledCodeHeapSize                  = 122909434                              {pd product} {ergonomic}
    uintx ProfiledCodeHeapSize                     = 122909434                              {pd product} {ergonomic}
    uintx ReservedCodeCacheSize                    = 251658240                              {pd product} {ergonomic}
     bool SegmentedCodeCache                       = true                                      {product} {ergonomic}
     bool ShowCodeDetailsInExceptionMessages       = true                                   {manageable} {command line}
   size_t SoftMaxHeapSize                          = 2111832064                             {manageable} {ergonomic}
     bool UseCompressedClassPointers               = true                           {product lp64_product} {ergonomic}
     bool UseCompressedOops                        = true                           {product lp64_product} {ergonomic}
     bool UseG1GC                                  = true                                      {product} {ergonomic}
     bool UseLargePagesIndividualAllocation        = false                                  {pd product} {ergonomic}

Logging:
Log output configuration:
 #0: stdout all=warning uptime,level,tags
 #1: stderr all=off uptime,level,tags

Environment Variables:
PATH=C:/Users/FouzanJ/.p2/pool/plugins/org.eclipse.justj.openjdk.hotspot.jre.full.win32.x86_64_17.0.2.v20220201-1208/jre/bin/server;C:/Users/FouzanJ/.p2/pool/plugins/org.eclipse.justj.openjdk.hotspot.jre.full.win32.x86_64_17.0.2.v20220201-1208/jre/bin;C:\Program Files (x86)\Common Files\Oracle\Java\javapath;C:\Windows\system32;C:\Windows;C:\Windows\System32\Wbem;C:\Windows\System32\WindowsPowerShell\v1.0\;C:\Windows\System32\OpenSSH\;C:\Program Files (x86)\Java\jre1.8.0_321\bin;C:\Program Files\TortoiseGit\bin;C:\Users\FouzanJ\AppData\Local\Microsoft\WindowsApps;C:\Users\FouzanJ\AppData\Local\Programs\Microsoft VS Code\bin;C:\Users\FouzanJ\AppData\Local\Programs\Git\cmd;C:\Windows\system32;
USERNAME=FouzanJ
OS=Windows_NT
PROCESSOR_IDENTIFIER=Intel64 Family 6 Model 142 Stepping 10, GenuineIntel



---------------  S Y S T E M  ---------------

OS:
 Windows 10 , 64 bit Build 19041 (10.0.19041.1466)
OS uptime: 22 days 16:47 hours

CPU: total 8 (initial active 8) (4 cores per cpu, 2 threads per core) family 6 model 142 stepping 10 microcode 0xb4, cx8, cmov, fxsr, ht, mmx, 3dnowpref, sse, sse2, sse3, ssse3, sse4.1, sse4.2, popcnt, lzcnt, tsc, tscinvbit, avx, avx2, aes, erms, clmul, bmi1, bmi2, adx, fma, vzeroupper, clflush, clflushopt

Memory: 4k page, system-wide physical 8051M (416M free)
TotalPageFile size 26722M (AvailPageFile size 0M)
current process WorkingSet (physical memory assigned to process): 63M, peak: 63M
current process commit charge ("private bytes"): 222M, peak: 222M

vm_info: OpenJDK 64-Bit Server VM (17.0.2+8) for windows-amd64 JRE (17.0.2+8), built on Jan 20 2022 04:52:34 by "" with MS VC++ 16.7 (VS2019)

END.
